[0212/143517:ERROR:crash_report_database_win.cc(562)] CreateDirectory C:\Program Files (x86)\Setmy\Reports\Dump: The system cannot find the path specified. (0x3)
[0212/143517:ERROR:registration_protocol_win.cc(82)] TransactNamedPipe: The pipe has been ended. (0x6D)
[0212/143517:ERROR:crash_report_database_win.cc(562)] CreateDirectory C:\Program Files (x86)\Setmy\Reports\Dump: The system cannot find the path specified. (0x3)
[0214/154344:ERROR:crash_report_database_win.cc(562)] CreateDirectory C:\Program Files (x86)\Setmy\Reports\Dump: The system cannot find the path specified. (0x3)
[0214/154344:ERROR:registration_protocol_win.cc(82)] TransactNamedPipe: The pipe has been ended. (0x6D)
[0214/154344:ERROR:crash_report_database_win.cc(562)] CreateDirectory C:\Program Files (x86)\Setmy\Reports\Dump: The system cannot find the path specified. (0x3)
[0214/154534:ERROR:crash_report_database_win.cc(562)] CreateDirectory C:\Program Files (x86)\Setmy\Reports\Dump: The system cannot find the path specified. (0x3)
[0214/154534:ERROR:registration_protocol_win.cc(82)] TransactNamedPipe: The pipe has been ended. (0x6D)
[0214/154534:ERROR:crash_report_database_win.cc(562)] CreateDirectory C:\Program Files (x86)\Setmy\Reports\Dump: The system cannot find the path specified. (0x3)
[0215/172220:ERROR:crash_report_database_win.cc(562)] CreateDirectory C:\Program Files (x86)\Setmy\Reports\Dump: The system cannot find the path specified. (0x3)
[0215/172220:ERROR:registration_protocol_win.cc(82)] TransactNamedPipe: The pipe has been ended. (0x6D)
[0215/172220:ERROR:crash_report_database_win.cc(562)] CreateDirectory C:\Program Files (x86)\Setmy\Reports\Dump: The system cannot find the path specified. (0x3)
[0216/155258:ERROR:crash_report_database_win.cc(562)] CreateDirectory C:\Program Files (x86)\Setmy\Reports\Dump: The system cannot find the path specified. (0x3)
[0216/155258:ERROR:registration_protocol_win.cc(82)] TransactNamedPipe: The pipe has been ended. (0x6D)
[0216/155258:ERROR:crash_report_database_win.cc(562)] CreateDirectory C:\Program Files (x86)\Setmy\Reports\Dump: The system cannot find the path specified. (0x3)
[0216/174934:ERROR:crash_report_database_win.cc(562)] CreateDirectory C:\Program Files (x86)\Setmy\Reports\Dump: The system cannot find the path specified. (0x3)
[0216/174934:ERROR:registration_protocol_win.cc(82)] TransactNamedPipe: The pipe has been ended. (0x6D)
[0216/174934:ERROR:crash_report_database_win.cc(562)] CreateDirectory C:\Program Files (x86)\Setmy\Reports\Dump: The system cannot find the path specified. (0x3)
[0219/055441:ERROR:crash_report_database_win.cc(562)] CreateDirectory C:\Program Files (x86)\Setmy\Reports\Dump: The system cannot find the path specified. (0x3)
[0219/055441:ERROR:registration_protocol_win.cc(82)] TransactNamedPipe: The pipe has been ended. (0x6D)
[0219/055441:ERROR:crash_report_database_win.cc(562)] CreateDirectory C:\Program Files (x86)\Setmy\Reports\Dump: The system cannot find the path specified. (0x3)
[0223/064926:ERROR:crash_report_database_win.cc(562)] CreateDirectory C:\Program Files (x86)\Setmy\Reports\Dump: The system cannot find the path specified. (0x3)
[0223/064926:ERROR:registration_protocol_win.cc(82)] TransactNamedPipe: The pipe has been ended. (0x6D)
[0223/064926:ERROR:crash_report_database_win.cc(562)] CreateDirectory C:\Program Files (x86)\Setmy\Reports\Dump: The system cannot find the path specified. (0x3)
[0223/073118:ERROR:crash_report_database_win.cc(562)] CreateDirectory C:\Program Files (x86)\Setmy\Reports\Dump: The system cannot find the path specified. (0x3)
[0223/073118:ERROR:registration_protocol_win.cc(82)] TransactNamedPipe: The pipe has been ended. (0x6D)
[0223/073118:ERROR:crash_report_database_win.cc(562)] CreateDirectory C:\Program Files (x86)\Setmy\Reports\Dump: The system cannot find the path specified. (0x3)
[0223/085139:ERROR:crash_report_database_win.cc(562)] CreateDirectory C:\Program Files (x86)\Setmy\Reports\Dump: The system cannot find the path specified. (0x3)
[0223/085139:ERROR:registration_protocol_win.cc(82)] TransactNamedPipe: The pipe has been ended. (0x6D)
[0223/085139:ERROR:crash_report_database_win.cc(562)] CreateDirectory C:\Program Files (x86)\Setmy\Reports\Dump: The system cannot find the path specified. (0x3)
[0223/154514:ERROR:crash_report_database_win.cc(562)] CreateDirectory C:\Program Files (x86)\Setmy\Reports\Dump: The system cannot find the path specified. (0x3)
[0223/154514:ERROR:registration_protocol_win.cc(82)] TransactNamedPipe: The pipe has been ended. (0x6D)
[0223/154514:ERROR:crash_report_database_win.cc(562)] CreateDirectory C:\Program Files (x86)\Setmy\Reports\Dump: The system cannot find the path specified. (0x3)
[0223/171346:ERROR:crash_report_database_win.cc(562)] CreateDirectory C:\Program Files (x86)\Setmy\Reports\Dump: The system cannot find the path specified. (0x3)
[0223/171346:ERROR:registration_protocol_win.cc(82)] TransactNamedPipe: The pipe has been ended. (0x6D)
[0223/171346:ERROR:crash_report_database_win.cc(562)] CreateDirectory C:\Program Files (x86)\Setmy\Reports\Dump: The system cannot find the path specified. (0x3)
[0223/171500:ERROR:crash_report_database_win.cc(562)] CreateDirectory C:\Program Files (x86)\Setmy\Reports\Dump: The system cannot find the path specified. (0x3)
[0223/171500:ERROR:registration_protocol_win.cc(82)] TransactNamedPipe: The pipe has been ended. (0x6D)
[0223/171500:ERROR:crash_report_database_win.cc(562)] CreateDirectory C:\Program Files (x86)\Setmy\Reports\Dump: The system cannot find the path specified. (0x3)
[0223/171729:ERROR:crash_report_database_win.cc(562)] CreateDirectory C:\Program Files (x86)\Setmy\Reports\Dump: The system cannot find the path specified. (0x3)
[0223/171729:ERROR:registration_protocol_win.cc(82)] TransactNamedPipe: The pipe has been ended. (0x6D)
[0223/171729:ERROR:crash_report_database_win.cc(562)] CreateDirectory C:\Program Files (x86)\Setmy\Reports\Dump: The system cannot find the path specified. (0x3)
[0223/174952:ERROR:crash_report_database_win.cc(562)] CreateDirectory C:\Program Files (x86)\Setmy\Reports\Dump: The system cannot find the path specified. (0x3)
[0223/174952:ERROR:registration_protocol_win.cc(82)] TransactNamedPipe: The pipe has been ended. (0x6D)
[0223/174952:ERROR:crash_report_database_win.cc(562)] CreateDirectory C:\Program Files (x86)\Setmy\Reports\Dump: The system cannot find the path specified. (0x3)
[0223/180959:ERROR:crash_report_database_win.cc(562)] CreateDirectory C:\Program Files (x86)\Setmy\Reports\Dump: The system cannot find the path specified. (0x3)
[0223/180959:ERROR:registration_protocol_win.cc(82)] TransactNamedPipe: The pipe has been ended. (0x6D)
[0223/180959:ERROR:crash_report_database_win.cc(562)] CreateDirectory C:\Program Files (x86)\Setmy\Reports\Dump: The system cannot find the path specified. (0x3)
[0228/120332.051:ERROR:crash_report_database_win.cc(563)] CreateDirectory C:\Program Files (x86)\reports: Access is denied. (0x5)
[0228/120332.087:ERROR:registration_protocol_win.cc(84)] TransactNamedPipe: The pipe has been ended. (0x6D)
[0228/120332.087:ERROR:crash_report_database_win.cc(563)] CreateDirectory C:\Program Files (x86)\reports: Access is denied. (0x5)
[0228/120333.111:ERROR:crashpad_client_win.cc(660)] crash server failed to launch, no dump captured
[0228/120850.801:ERROR:crash_report_database_win.cc(563)] CreateDirectory C:\Program Files (x86)\reports: Access is denied. (0x5)
[0228/120850.817:ERROR:registration_protocol_win.cc(84)] TransactNamedPipe: The pipe has been ended. (0x6D)
[0228/120850.817:ERROR:crash_report_database_win.cc(563)] CreateDirectory C:\Program Files (x86)\reports: Access is denied. (0x5)
[0228/120850.879:ERROR:crashpad_client_win.cc(660)] crash server failed to launch, no dump captured
[0228/212727.872:ERROR:crash_report_database_win.cc(563)] CreateDirectory C:\Program Files (x86)\reports: Access is denied. (0x5)
[0228/212727.880:ERROR:registration_protocol_win.cc(84)] TransactNamedPipe: The pipe has been ended. (0x6D)
[0228/212727.884:ERROR:crash_report_database_win.cc(563)] CreateDirectory C:\Program Files (x86)\reports: Access is denied. (0x5)
[0228/212727.980:ERROR:crashpad_client_win.cc(660)] crash server failed to launch, no dump captured
[0301/000226.434:ERROR:crash_report_database_win.cc(563)] CreateDirectory C:\Program Files (x86)\reports: Access is denied. (0x5)
[0301/000226.543:ERROR:registration_protocol_win.cc(84)] TransactNamedPipe: The pipe has been ended. (0x6D)
[0301/000226.543:ERROR:crash_report_database_win.cc(563)] CreateDirectory C:\Program Files (x86)\reports: Access is denied. (0x5)
[0301/000228.657:ERROR:crashpad_client_win.cc(660)] crash server failed to launch, no dump captured
[0305/115311.104:ERROR:crash_report_database_win.cc(563)] CreateDirectory C:\Program Files (x86)\reports: Access is denied. (0x5)
[0305/115311.120:ERROR:registration_protocol_win.cc(84)] TransactNamedPipe: The pipe has been ended. (0x6D)
[0305/115311.120:ERROR:crash_report_database_win.cc(563)] CreateDirectory C:\Program Files (x86)\reports: Access is denied. (0x5)
[0305/115311.229:ERROR:crashpad_client_win.cc(660)] crash server failed to launch, no dump captured
[0320/171217.048:ERROR:file_io_win.cc(163)] CreateFile C:\Program Files (x86)\settings.dat: Access is denied. (0x5)
[0320/171217.079:ERROR:registration_protocol_win.cc(84)] TransactNamedPipe: The pipe has been ended. (0x6D)
[0320/171217.079:ERROR:file_io_win.cc(163)] CreateFile C:\Program Files (x86)\settings.dat: Access is denied. (0x5)
[0320/171218.548:ERROR:crashpad_client_win.cc(660)] crash server failed to launch, no dump captured
